[0.027s] Invoking command in '/home/suketupatni/Desktop/mrt_assignments/mrt_assignment_4/mrt4_ws/build/interfaces': CMAKE_PREFIX_PATH=/opt/ros/humble /usr/bin/cmake --build /home/suketupatni/Desktop/mrt_assignments/mrt_assignment_4/mrt4_ws/build/interfaces -- -j20 -l20
[0.042s] -- Found ament_cmake: 1.3.8 (/opt/ros/humble/share/ament_cmake/cmake)
[0.109s] -- Found rosidl_default_generators: 1.2.0 (/opt/ros/humble/share/rosidl_default_generators/cmake)
[0.110s] -- Using all available rosidl_typesupport_c: rosidl_typesupport_fastrtps_c;rosidl_typesupport_introspection_c
[0.111s] -- Found rosidl_adapter: 3.1.5 (/opt/ros/humble/share/rosidl_adapter/cmake)
[0.127s] -- Using all available rosidl_typesupport_cpp: rosidl_typesupport_fastrtps_cpp;rosidl_typesupport_introspection_cpp
[0.141s] -- Found sensor_msgs: 4.2.3 (/opt/ros/humble/share/sensor_msgs/cmake)
[0.253s] -- Found ament_lint_auto: 0.12.10 (/opt/ros/humble/share/ament_lint_auto/cmake)
[0.377s] [31mCMake Error at /opt/ros/humble/share/rosidl_adapter/cmake/rosidl_adapt_interfaces.cmake:59 (message):
[0.377s]   execute_process(/usr/bin/python3 -m rosidl_adapter --package-name
[0.377s]   interfaces --arguments-file
[0.377s]   /home/suketupatni/Desktop/mrt_assignments/mrt_assignment_4/mrt4_ws/build/interfaces/rosidl_adapter__arguments__srv/Path.srv.json
[0.377s]   --output-dir
[0.377s]   /home/suketupatni/Desktop/mrt_assignments/mrt_assignment_4/mrt4_ws/build/interfaces/rosidl_adapter/interfaces
[0.377s]   --output-file
[0.378s]   /home/suketupatni/Desktop/mrt_assignments/mrt_assignment_4/mrt4_ws/build/interfaces/rosidl_adapter/srv/Path.srv.idls)
[0.378s]   returned error code 1:
[0.378s] 
[0.378s]   Error processing 'sensor_msgs/msg/Image img' of
[0.378s]   'interfaces/BoundingBoxes_Request': 'sensor_msgs/msg/Image'
[0.378s] 
[0.378s]   Traceback (most recent call last):
[0.378s] 
[0.378s]     File "/usr/lib/python3.10/runpy.py", line 196, in _run_module_as_main
[0.378s]       return _run_code(code, main_globals, None,
[0.378s]     File "/usr/lib/python3.10/runpy.py", line 86, in _run_code
[0.378s]       exec(code, run_globals)
[0.378s]     File "/opt/ros/humble/local/lib/python3.10/dist-packages/rosidl_adapter/__main__.py", line 19, in <module>
[0.378s]       sys.exit(main())
[0.378s]     File "/opt/ros/humble/local/lib/python3.10/dist-packages/rosidl_adapter/main.py", line 53, in main
[0.378s]       abs_idl_file = convert_to_idl(
[0.378s]     File "/opt/ros/humble/local/lib/python3.10/dist-packages/rosidl_adapter/__init__.py", line 24, in convert_to_idl
[0.378s]       return convert_srv_to_idl(
[0.378s]     File "/opt/ros/humble/local/lib/python3.10/dist-packages/rosidl_adapter/srv/__init__.py", line 28, in convert_srv_to_idl
[0.378s]       srv = parse_service_string(package_name, input_file.stem, content)
[0.378s]     File "/opt/ros/humble/local/lib/python3.10/dist-packages/rosidl_adapter/parser.py", line 859, in parse_service_string
[0.378s]       request_message = parse_message_string(
[0.378s]     File "/opt/ros/humble/local/lib/python3.10/dist-packages/rosidl_adapter/parser.py", line 520, in parse_message_string
[0.378s]       Type(type_string, context_package_name=pkg_name),
[0.378s]     File "/opt/ros/humble/local/lib/python3.10/dist-packages/rosidl_adapter/parser.py", line 277, in __init__
[0.378s]       super(Type, self).__init__(
[0.378s]     File "/opt/ros/humble/local/lib/python3.10/dist-packages/rosidl_adapter/parser.py", line 190, in __init__
[0.378s]       raise InvalidResourceName(type_string)
[0.378s] 
[0.378s]   rosidl_adapter.parser.InvalidResourceName: sensor_msgs/msg/Image
[0.378s] 
[0.378s] Call Stack (most recent call first):
[0.378s]   /opt/ros/humble/share/rosidl_cmake/cmake/rosidl_generate_interfaces.cmake:130 (rosidl_adapt_interfaces)
[0.378s]   CMakeLists.txt:28 (rosidl_generate_interfaces)
[0.378s] 
[0.378s] [0m
[0.378s] -- Configuring incomplete, errors occurred!
[0.378s] See also "/home/suketupatni/Desktop/mrt_assignments/mrt_assignment_4/mrt4_ws/build/interfaces/CMakeFiles/CMakeOutput.log".
[0.381s] gmake: *** [Makefile:963: cmake_check_build_system] Error 1
[0.382s] Invoked command in '/home/suketupatni/Desktop/mrt_assignments/mrt_assignment_4/mrt4_ws/build/interfaces' returned '2': CMAKE_PREFIX_PATH=/opt/ros/humble /usr/bin/cmake --build /home/suketupatni/Desktop/mrt_assignments/mrt_assignment_4/mrt4_ws/build/interfaces -- -j20 -l20
